<?xml version="1.0" encoding="UTF-8"?>
<!-- Generated by org.testng.reporters.JUnitXMLReporter -->
<testsuite ignored="0" hostname="DESKTOP-IHRQ0JB" failures="0" tests="5" name="Default test" time="10.117" errors="0" timestamp="2026-05-08T14:15:18 IST">
  <testcase classname="api.test.UserTests2" name="testPostUser" time="3.359"/>
  <testcase classname="api.test.UserTests2" name="testGetUserByName" time="1.235"/>
  <testcase classname="api.test.UserTests2" name="testUpdateUserByName" time="2.248"/>
  <testcase classname="api.test.UserTests2" name="testDeleteUserByName" time="1.11"/>
  <testcase classname="api.test.UserTests2" name="testPostUserWithEmptyPayload" time="1.213"/>
</testsuite> <!-- Default test -->
