<?xml version="1.0" encoding="UTF-8"?>
<testng-results ignored="0" total="5" passed="5" failed="0" skipped="0">
  <reporter-output>
  </reporter-output>
  <suite started-at="2026-05-08T14:15:08 IST" name="Default suite" finished-at="2026-05-08T14:15:18 IST" duration-ms="10117">
    <groups>
    </groups>
    <test started-at="2026-05-08T14:15:08 IST" name="Default test" finished-at="2026-05-08T14:15:18 IST" duration-ms="10117">
      <class name="api.test.UserTests2">
        <test-method is-config="true" signature="setup()[pri:0, instance:api.test.UserTests2@4218d6a3]" started-at="2026-05-08T14:15:08 IST" name="setup" finished-at="2026-05-08T14:15:09 IST" duration-ms="883" status="PASS">
          <reporter-output>
          </reporter-output>
        </test-method> <!-- setup -->
        <test-method signature="testPostUser()[pri:1, instance:api.test.UserTests2@4218d6a3]" started-at="2026-05-08T14:15:09 IST" name="testPostUser" finished-at="2026-05-08T14:15:13 IST" duration-ms="3359" status="PASS">
          <reporter-output>
          </reporter-output>
        </test-method> <!-- testPostUser -->
        <test-method signature="testGetUserByName()[pri:2, instance:api.test.UserTests2@4218d6a3]" started-at="2026-05-08T14:15:13 IST" name="testGetUserByName" finished-at="2026-05-08T14:15:14 IST" duration-ms="1235" status="PASS">
          <reporter-output>
          </reporter-output>
        </test-method> <!-- testGetUserByName -->
        <test-method signature="testUpdateUserByName()[pri:3, instance:api.test.UserTests2@4218d6a3]" started-at="2026-05-08T14:15:14 IST" name="testUpdateUserByName" finished-at="2026-05-08T14:15:16 IST" duration-ms="2248" status="PASS">
          <reporter-output>
          </reporter-output>
        </test-method> <!-- testUpdateUserByName -->
        <test-method signature="testDeleteUserByName()[pri:4, instance:api.test.UserTests2@4218d6a3]" started-at="2026-05-08T14:15:16 IST" name="testDeleteUserByName" finished-at="2026-05-08T14:15:17 IST" duration-ms="1110" status="PASS">
          <reporter-output>
          </reporter-output>
        </test-method> <!-- testDeleteUserByName -->
        <test-method signature="testPostUserWithEmptyPayload()[pri:5, instance:api.test.UserTests2@4218d6a3]" started-at="2026-05-08T14:15:17 IST" name="testPostUserWithEmptyPayload" finished-at="2026-05-08T14:15:18 IST" duration-ms="1213" status="PASS">
          <reporter-output>
          </reporter-output>
        </test-method> <!-- testPostUserWithEmptyPayload -->
      </class> <!-- api.test.UserTests2 -->
    </test> <!-- Default test -->
  </suite> <!-- Default suite -->
</testng-results>
