<?xml version="1.0" encoding="UTF-8"?>
<!-- Generated by org.testng.reporters.JUnitReportReporter -->
<testsuite hostname="DESKTOP-IHRQ0JB" failures="0" tests="4" name="api.test.UserTests" time="10.951" errors="0" timestamp="2026-05-07T11:55:43 IST" skipped="0">
  <testcase classname="api.test.UserTests" name="testPostUser" time="5.081"/>
  <system-out/>
  <testcase classname="api.test.UserTests" name="testGetUserByName" time="1.131"/>
  <system-out/>
  <testcase classname="api.test.UserTests" name="testUpdateUserByName" time="3.623"/>
  <system-out/>
  <testcase classname="api.test.UserTests" name="testDeleteUserByName" time="1.116"/>
  <system-out/>
</testsuite> <!-- api.test.UserTests -->
