<?xml version="1.0" encoding="UTF-8"?>
<!-- Generated by org.testng.reporters.JUnitReportReporter -->
<testsuite hostname="DESKTOP-IHRQ0JB" failures="0" tests="4" name="api.test.UserTests" time="9.411" errors="0" timestamp="2026-05-15T15:15:34 IST" skipped="0">
  <testcase classname="api.test.UserTests" name="testPostUser" time="3.977"/>
  <system-out/>
  <testcase classname="api.test.UserTests" name="testGetUserByName" time="1.226"/>
  <system-out/>
  <testcase classname="api.test.UserTests" name="testUpdateUserByName" time="3.138"/>
  <system-out/>
  <testcase classname="api.test.UserTests" name="testDeleteUserByName" time="1.070"/>
  <system-out/>
</testsuite> <!-- api.test.UserTests -->
