<?xml version="1.0" encoding="UTF-8"?>
<!-- Generated by org.testng.reporters.JUnitReportReporter -->
<testsuite hostname="DESKTOP-IHRQ0JB" failures="0" tests="5" name="api.test.UserTests2" time="9.165" errors="0" timestamp="2026-05-08T14:15:19 IST" skipped="0">
  <testcase classname="api.test.UserTests2" name="testPostUser" time="3.359"/>
  <system-out/>
  <testcase classname="api.test.UserTests2" name="testGetUserByName" time="1.235"/>
  <system-out/>
  <testcase classname="api.test.UserTests2" name="testUpdateUserByName" time="2.248"/>
  <system-out/>
  <testcase classname="api.test.UserTests2" name="testDeleteUserByName" time="1.110"/>
  <system-out/>
  <testcase classname="api.test.UserTests2" name="testPostUserWithEmptyPayload" time="1.213"/>
  <system-out/>
</testsuite> <!-- api.test.UserTests2 -->
