<?xml version="1.0" encoding="UTF-8"?>
<!-- Generated by org.testng.reporters.JUnitXMLReporter -->
<testsuite ignored="0" hostname="DESKTOP-IHRQ0JB" failures="0" tests="4" name="PetTests" time="10.588" errors="0" timestamp="2026-05-15T15:15:33 IST">
  <testcase classname="api.test.UserTests" name="testPostUser" time="3.977"/>
  <testcase classname="api.test.UserTests" name="testGetUserByName" time="1.226"/>
  <testcase classname="api.test.UserTests" name="testUpdateUserByName" time="3.138"/>
  <testcase classname="api.test.UserTests" name="testDeleteUserByName" time="1.07"/>
</testsuite> <!-- PetTests -->
