<?xml version="1.0" encoding="UTF-8"?>
<!-- Generated by org.testng.reporters.JUnitXMLReporter -->
<testsuite ignored="0" hostname="DESKTOP-IHRQ0JB" failures="0" tests="4" name="PetTests" time="9.364" errors="0" timestamp="2026-05-08T14:01:01 IST">
  <testcase classname="api.test.UserTests2" name="testPostUser" time="3.299"/>
  <testcase classname="api.test.UserTests2" name="testGetUserByName" time="1.144"/>
  <testcase classname="api.test.UserTests2" name="testUpdateUserByName" time="2.478"/>
  <testcase classname="api.test.UserTests2" name="testDeleteUserByName" time="1.112"/>
</testsuite> <!-- PetTests -->
